2017-11-12T17:08:13+00:00 CRITICAL Uncaught Error: Call to undefined function echoget_post_meta() in D:\xampp\htdocs\myofc\golfshop\wp-content\themes\golf\books.php:137
Stack trace:
#0 D:\xampp\htdocs\myofc\golfshop\wp-includes\template-loader.php(74): include()
#1 D:\xampp\htdocs\myofc\golfshop\wp-blog-header.php(19): require_once('D:\\xampp\\htdocs...')
#2 D:\xampp\htdocs\myofc\golfshop\index.php(17): require('D:\\xampp\\htdocs...')
#3 {main}
  thrown

2017-11-13T15:50:57+00:00 CRITICAL Maximum execution time of 30 seconds exceeded

2017-11-14T09:26:45+00:00 CRITICAL Uncaught Error: Call to a member function get_categories() on string in D:\xampp\htdocs\myofc\golfshop\wp-content\plugins\woocommerce\templates\single-product.php:34
Stack trace:
#0 D:\xampp\htdocs\myofc\golfshop\wp-includes\template-loader.php(74): include()
#1 D:\xampp\htdocs\myofc\golfshop\wp-blog-header.php(19): require_once('D:\\xampp\\htdocs...')
#2 D:\xampp\htdocs\myofc\golfshop\index.php(17): require('D:\\xampp\\htdocs...')
#3 {main}
  thrown

2017-11-14T09:27:34+00:00 CRITICAL Uncaught Error: Call to a member function get_categories() on string in D:\xampp\htdocs\myofc\golfshop\wp-content\plugins\woocommerce\templates\single-product.php:37
Stack trace:
#0 D:\xampp\htdocs\myofc\golfshop\wp-includes\template-loader.php(74): include()
#1 D:\xampp\htdocs\myofc\golfshop\wp-blog-header.php(19): require_once('D:\\xampp\\htdocs...')
#2 D:\xampp\htdocs\myofc\golfshop\index.php(17): require('D:\\xampp\\htdocs...')
#3 {main}
  thrown

2017-11-14T09:27:39+00:00 CRITICAL Uncaught Error: Call to a member function get_categories() on string in D:\xampp\htdocs\myofc\golfshop\wp-content\plugins\woocommerce\templates\single-product.php:37
Stack trace:
#0 D:\xampp\htdocs\myofc\golfshop\wp-includes\template-loader.php(74): include()
#1 D:\xampp\htdocs\myofc\golfshop\wp-blog-header.php(19): require_once('D:\\xampp\\htdocs...')
#2 D:\xampp\htdocs\myofc\golfshop\index.php(17): require('D:\\xampp\\htdocs...')
#3 {main}
  thrown

2017-11-14T09:28:44+00:00 CRITICAL Uncaught Error: Call to a member function get_categories() on string in D:\xampp\htdocs\myofc\golfshop\wp-content\plugins\woocommerce\templates\single-product.php:37
Stack trace:
#0 D:\xampp\htdocs\myofc\golfshop\wp-includes\template-loader.php(74): include()
#1 D:\xampp\htdocs\myofc\golfshop\wp-blog-header.php(19): require_once('D:\\xampp\\htdocs...')
#2 D:\xampp\htdocs\myofc\golfshop\index.php(17): require('D:\\xampp\\htdocs...')
#3 {main}
  thrown

2017-11-14T09:29:20+00:00 CRITICAL Uncaught Error: Call to a member function get_categories() on string in D:\xampp\htdocs\myofc\golfshop\wp-content\plugins\woocommerce\templates\single-product.php:37
Stack trace:
#0 D:\xampp\htdocs\myofc\golfshop\wp-includes\template-loader.php(74): include()
#1 D:\xampp\htdocs\myofc\golfshop\wp-blog-header.php(19): require_once('D:\\xampp\\htdocs...')
#2 D:\xampp\htdocs\myofc\golfshop\index.php(17): require('D:\\xampp\\htdocs...')
#3 {main}
  thrown

2017-11-14T09:29:38+00:00 CRITICAL Uncaught Error: Call to a member function get_categories() on string in D:\xampp\htdocs\myofc\golfshop\wp-content\plugins\woocommerce\templates\single-product.php:37
Stack trace:
#0 D:\xampp\htdocs\myofc\golfshop\wp-includes\template-loader.php(74): include()
#1 D:\xampp\htdocs\myofc\golfshop\wp-blog-header.php(19): require_once('D:\\xampp\\htdocs...')
#2 D:\xampp\htdocs\myofc\golfshop\index.php(17): require('D:\\xampp\\htdocs...')
#3 {main}
  thrown

2017-11-14T09:30:36+00:00 CRITICAL Uncaught Error: Call to a member function get_categories() on string in D:\xampp\htdocs\myofc\golfshop\wp-content\plugins\woocommerce\templates\single-product.php:37
Stack trace:
#0 D:\xampp\htdocs\myofc\golfshop\wp-includes\template-loader.php(74): include()
#1 D:\xampp\htdocs\myofc\golfshop\wp-blog-header.php(19): require_once('D:\\xampp\\htdocs...')
#2 D:\xampp\htdocs\myofc\golfshop\index.php(17): require('D:\\xampp\\htdocs...')
#3 {main}
  thrown

2017-11-14T16:36:12+00:00 CRITICAL Uncaught Error: Call to undefined function get_id() in D:\xampp\htdocs\myofc\golfshop\wp-content\plugins\woocommerce\templates\single-product\related.php:32
Stack trace:
#0 D:\xampp\htdocs\myofc\golfshop\wp-content\plugins\woocommerce\includes\wc-core-functions.php(209): include()
#1 D:\xampp\htdocs\myofc\golfshop\wp-content\plugins\woocommerce\includes\wc-template-functions.php(1369): wc_get_template('single-product/...', Array)
#2 D:\xampp\htdocs\myofc\golfshop\wp-content\plugins\woocommerce\includes\wc-template-functions.php(1332): woocommerce_related_products(Array)
#3 D:\xampp\htdocs\myofc\golfshop\wp-includes\class-wp-hook.php(298): woocommerce_output_related_products('')
#4 D:\xampp\htdocs\myofc\golfshop\wp-includes\class-wp-hook.php(323): WP_Hook->apply_filters(NULL, Array)
#5 D:\xampp\htdocs\myofc\golfshop\wp-includes\plugin.php(453): WP_Hook->do_action(Array)
#6 D:\xampp\htdocs\myofc\golfshop\wp-content\plugins\woocommerce\templates\content-single-product.php(106): do_action('woocommerce_aft...')
#7

2017-11-14T16:47:42+00:00 CRITICAL Uncaught Error: Call to a member function get_id() on null in D:\xampp\htdocs\myofc\golfshop\wp-content\plugins\woocommerce\templates\single-product\related.php:33
Stack trace:
#0 D:\xampp\htdocs\myofc\golfshop\wp-content\plugins\woocommerce\includes\wc-core-functions.php(209): include()
#1 D:\xampp\htdocs\myofc\golfshop\wp-content\plugins\woocommerce\includes\wc-template-functions.php(1369): wc_get_template('single-product/...', Array)
#2 D:\xampp\htdocs\myofc\golfshop\wp-content\plugins\woocommerce\includes\wc-template-functions.php(1332): woocommerce_related_products(Array)
#3 D:\xampp\htdocs\myofc\golfshop\wp-includes\class-wp-hook.php(298): woocommerce_output_related_products('')
#4 D:\xampp\htdocs\myofc\golfshop\wp-includes\class-wp-hook.php(323): WP_Hook->apply_filters(NULL, Array)
#5 D:\xampp\htdocs\myofc\golfshop\wp-includes\plugin.php(453): WP_Hook->do_action(Array)
#6 D:\xampp\htdocs\myofc\golfshop\wp-content\plugins\woocommerce\templates\content-single-product.php(106): do_action('woocommerce_aft.

2017-11-15T13:13:45+00:00 CRITICAL Maximum execution time of 30 seconds exceeded

2017-11-15T15:44:08+00:00 CRITICAL Uncaught Error: Call to undefined function mysql_query() in D:\xampp\htdocs\myofc\golfshop\wp-content\themes\golf\index.php:179
Stack trace:
#0 D:\xampp\htdocs\myofc\golfshop\wp-includes\template-loader.php(74): include()
#1 D:\xampp\htdocs\myofc\golfshop\wp-blog-header.php(19): require_once('D:\\xampp\\htdocs...')
#2 D:\xampp\htdocs\myofc\golfshop\index.php(17): require('D:\\xampp\\htdocs...')
#3 {main}
  thrown

2017-11-15T16:45:29+00:00 CRITICAL Uncaught Error: Call to undefined function mysql_numbe_rows() in D:\xampp\htdocs\myofc\golfshop\wp-content\themes\golf\index.php:188
Stack trace:
#0 D:\xampp\htdocs\myofc\golfshop\wp-includes\template-loader.php(74): include()
#1 D:\xampp\htdocs\myofc\golfshop\wp-blog-header.php(19): require_once('D:\\xampp\\htdocs...')
#2 D:\xampp\htdocs\myofc\golfshop\index.php(17): require('D:\\xampp\\htdocs...')
#3 {main}
  thrown

2017-11-15T16:45:51+00:00 CRITICAL Uncaught Error: Call to undefined function mysql_num_rows() in D:\xampp\htdocs\myofc\golfshop\wp-content\themes\golf\index.php:188
Stack trace:
#0 D:\xampp\htdocs\myofc\golfshop\wp-includes\template-loader.php(74): include()
#1 D:\xampp\htdocs\myofc\golfshop\wp-blog-header.php(19): require_once('D:\\xampp\\htdocs...')
#2 D:\xampp\htdocs\myofc\golfshop\index.php(17): require('D:\\xampp\\htdocs...')
#3 {main}
  thrown

2017-11-16T15:07:35+00:00 CRITICAL Uncaught Error: Call to a member function get_results() on null in D:\xampp\htdocs\myofc\golfshop\wp-content\themes\golf\functions.php:874
Stack trace:
#0 D:\xampp\htdocs\myofc\golfshop\wp-includes\class-wp-hook.php(298): form_listing_page('')
#1 D:\xampp\htdocs\myofc\golfshop\wp-includes\class-wp-hook.php(323): WP_Hook->apply_filters('', Array)
#2 D:\xampp\htdocs\myofc\golfshop\wp-includes\plugin.php(453): WP_Hook->do_action(Array)
#3 D:\xampp\htdocs\myofc\golfshop\wp-admin\admin.php(222): do_action('toplevel_page_f...')
#4 {main}
  thrown

2017-11-16T15:10:39+00:00 CRITICAL Uncaught Error: Call to a member function get_results() on null in D:\xampp\htdocs\myofc\golfshop\wp-content\themes\golf\functions.php:874
Stack trace:
#0 D:\xampp\htdocs\myofc\golfshop\wp-includes\class-wp-hook.php(298): form_listing_page('')
#1 D:\xampp\htdocs\myofc\golfshop\wp-includes\class-wp-hook.php(323): WP_Hook->apply_filters('', Array)
#2 D:\xampp\htdocs\myofc\golfshop\wp-includes\plugin.php(453): WP_Hook->do_action(Array)
#3 D:\xampp\htdocs\myofc\golfshop\wp-admin\admin.php(222): do_action('toplevel_page_f...')
#4 {main}
  thrown

2017-11-16T15:10:42+00:00 CRITICAL Uncaught Error: Call to a member function get_results() on null in D:\xampp\htdocs\myofc\golfshop\wp-content\themes\golf\functions.php:874
Stack trace:
#0 D:\xampp\htdocs\myofc\golfshop\wp-includes\class-wp-hook.php(298): form_listing_page('')
#1 D:\xampp\htdocs\myofc\golfshop\wp-includes\class-wp-hook.php(323): WP_Hook->apply_filters('', Array)
#2 D:\xampp\htdocs\myofc\golfshop\wp-includes\plugin.php(453): WP_Hook->do_action(Array)
#3 D:\xampp\htdocs\myofc\golfshop\wp-admin\admin.php(222): do_action('toplevel_page_f...')
#4 {main}
  thrown

2022-06-20T13:50:31+00:00 CRITICAL Call to a member function get_instance_option_key() on boolean

